0 info it worked if it ends with ok
1 verbose cli [ 'C:\\Program Files\\nodejs\\\\node.exe',
1 verbose cli   'C:\\Program Files\\nodejs\\node_modules\\npm\\bin\\npm-cli.js',
1 verbose cli   'install',
1 verbose cli   '-g',
1 verbose cli   'jasminejs' ]
2 info using npm@1.3.14
3 info using node@v0.10.22
4 verbose node symlink C:\Program Files\nodejs\\node.exe
5 verbose cache add [ 'jasminejs', null ]
6 verbose cache add name=undefined spec="jasminejs" args=["jasminejs",null]
7 verbose parsed url { protocol: null,
7 verbose parsed url   slashes: null,
7 verbose parsed url   auth: null,
7 verbose parsed url   host: null,
7 verbose parsed url   port: null,
7 verbose parsed url   hostname: null,
7 verbose parsed url   hash: null,
7 verbose parsed url   search: null,
7 verbose parsed url   query: null,
7 verbose parsed url   pathname: 'jasminejs',
7 verbose parsed url   path: 'jasminejs',
7 verbose parsed url   href: 'jasminejs' }
8 silly lockFile 01b446a3-jasminejs jasminejs
9 verbose lock jasminejs C:\Users\vladimir\AppData\Roaming\npm-cache\01b446a3-jasminejs.lock
10 silly lockFile 01b446a3-jasminejs jasminejs
11 silly lockFile 01b446a3-jasminejs jasminejs
12 verbose addNamed [ 'jasminejs', '' ]
13 verbose addNamed [ null, '*' ]
14 silly lockFile 278cb5a6-jasminejs jasminejs@
15 verbose lock jasminejs@ C:\Users\vladimir\AppData\Roaming\npm-cache\278cb5a6-jasminejs.lock
16 silly addNameRange { name: 'jasminejs', range: '*', hasData: false }
17 verbose url raw jasminejs
18 verbose url resolving [ 'https://registry.npmjs.org/', './jasminejs' ]
19 verbose url resolved https://registry.npmjs.org/jasminejs
20 info trying registry request attempt 1 at 21:03:10
21 http GET https://registry.npmjs.org/jasminejs
22 http 404 https://registry.npmjs.org/jasminejs
23 silly registry.get cb [ 404,
23 silly registry.get   { server: 'CouchDB/1.5.0 (Erlang OTP/R15B03)',
23 silly registry.get     date: 'Fri, 06 Dec 2013 20:03:12 GMT',
23 silly registry.get     'content-type': 'application/json',
23 silly registry.get     'content-length': '52',
23 silly registry.get     'cache-control': 'must-revalidate' } ]
24 silly lockFile 278cb5a6-jasminejs jasminejs@
25 silly lockFile 278cb5a6-jasminejs jasminejs@
26 error 404 'jasminejs' is not in the npm registry.
26 error 404 You should bug the author to publish it
26 error 404
26 error 404 Note that you can also install from a
26 error 404 tarball, folder, or http url, or git url.
27 error System Windows_NT 6.2.9200
28 error command "C:\\Program Files\\nodejs\\\\node.exe" "C:\\Program Files\\nodejs\\node_modules\\npm\\bin\\npm-cli.js" "install" "-g" "jasminejs"
29 error cwd c:\wamp\www\ClientPhp\_directives\_tools
30 error node -v v0.10.22
31 error npm -v 1.3.14
32 error code E404
33 verbose exit [ 1, true ]
